{"message":"Unauthorized request to path: /","level":"error"}
{"message":"bookmark with id of undefined was not found","level":"error"}
{"message":"bookmark with id of 4 was not found","level":"error"}
{"message":"id is required","level":"error"}
{"message":"id is required","level":"error"}
{"message":"id is required","level":"error"}
{"message":"id is required","level":"error"}
{"message":"card with id 4 was created","level":"info"}
{"message":"bookmark with id of 4 was not found","level":"error"}
{"message":"bookmark with id of 4 was not found","level":"error"}
{"message":"card with id 4 wasn't found!","level":"error"}
{"message":"card with id 4 wasn't found!","level":"error"}
{"message":"card with id 4 was created","level":"info"}
{"message":"card with id 3 was created","level":"info"}
{"message":"card with id 3 was created","level":"info"}
{"message":"card with id 3 was created","level":"info"}
{"message":"card with id undefined wasn't found!","level":"error"}
{"message":"card with id undefined wasn't found!","level":"error"}
{"message":"bookmark with id of 3 was not found","level":"error"}
{"message":"card with id 3 was created","level":"info"}
{"message":"card with id 3 was created","level":"info"}
{"message":"card with id 3 was created","level":"info"}
{"message":"Card with id 3 was deleted","level":"info"}
{"message":"Card with id 3 was deleted","level":"info"}
{"message":"Unauthorized request to path: /","level":"error"}
{"message":"Unauthorized request to path: /movie","level":"error"}
{"message":"Unauthorized request to path: /bookmarks/1","level":"error"}
{"message":"Unauthorized request to path: /bookmarks/1","level":"error"}
{"message":"desc is required","level":"error"}
{"message":"card with id 2bc5c011-48f4-48da-bbb9-6e5f211e9cf9 was created","level":"info"}
{"message":"Unauthorized request to path: /","level":"error"}
{"message":"Unauthorized request to path: /","level":"error"}
{"message":"Unauthorized request to path: /","level":"error"}
{"message":"Unauthorized request to path: /","level":"error"}
{"message":"Unauthorized request to path: /bookmarks","level":"error"}
{"message":"Bookmark with id 5 not found.","level":"error"}
